<?xml version="1.0" encoding="UTF-8"?>
<!-- Generated by org.testng.reporters.JUnitXMLReporter -->
<testsuite ignored="1" hostname="DESKTOP-H2UN25B" failures="0" tests="2" name="Submit Order Test" time="20.478" errors="0" timestamp="2024-09-24T16:09:45 IST">
  <testcase classname="SeleniumDemoT.Tests.SubmitOrderTestNG" name="submitOrder" time="4.717"/>
  <testcase classname="SeleniumDemoT.Tests.SubmitOrderTestNG" name="submitOrder" time="4.613"/>
  <testcase classname="SeleniumDemoT.Tests.SubmitOrderTestNG" name="OrderHistoryTest" time="0.0">
    <ignored/>
  </testcase> <!-- OrderHistoryTest -->
</testsuite> <!-- Submit Order Test -->
