<?xml version="1.0" encoding="UTF-8"?>
<!-- Generated by org.testng.reporters.JUnitXMLReporter -->
<testsuite ignored="0" hostname="DESKTOP-H2UN25B" failures="0" tests="3" name="Submit Order Test" time="40.451" errors="0" timestamp="2024-09-25T13:31:12 IST">
  <testcase classname="SeleniumDemoT.Tests.SubmitOrderTestNG" name="submitOrder" time="5.343"/>
  <testcase classname="SeleniumDemoT.Tests.SubmitOrderTestNG" name="submitOrder" time="7.199"/>
  <testcase classname="SeleniumDemoT.Tests.SubmitOrderTestNG" name="OrderHistoryTest" time="3.645"/>
</testsuite> <!-- Submit Order Test -->
