<?xml version="1.0" encoding="UTF-8"?>
<testng-results ignored="0" total="3" passed="3" failed="0" skipped="0">
  <reporter-output>
  </reporter-output>
  <suite started-at="2024-09-25T13:30:31 IST" name="Suite" finished-at="2024-09-25T13:31:12 IST" duration-ms="40451">
    <groups>
      <group name="ErrorHandling">
        <method signature="ErrorValidation.loginErrorValidation()[pri:0, instance:SeleniumDemoT.Tests.ErrorValidation@e3b3b2f]" name="loginErrorValidation" class="SeleniumDemoT.Tests.ErrorValidation"/>
      </group> <!-- ErrorHandling -->
      <group name="Purchase">
        <method signature="SubmitOrderTestNG.submitOrder(java.util.HashMap)[pri:0, instance:SeleniumDemoT.Tests.SubmitOrderTestNG@c05fddc]" name="submitOrder" class="SeleniumDemoT.Tests.SubmitOrderTestNG"/>
      </group> <!-- Purchase -->
    </groups>
    <test started-at="2024-09-25T13:30:31 IST" name="Submit Order Test" finished-at="2024-09-25T13:31:12 IST" duration-ms="40451">
      <class name="SeleniumDemoT.Tests.SubmitOrderTestNG">
        <test-method is-config="true" signature="launchApplication()[pri:0, instance:SeleniumDemoT.Tests.SubmitOrderTestNG@c05fddc]" started-at="2024-09-25T13:30:32 IST" name="launchApplication" finished-at="2024-09-25T13:30:41 IST" duration-ms="9266" status="PASS">
          <reporter-output>
          </reporter-output>
        </test-method> <!-- launchApplication -->
        <test-method signature="submitOrder(java.util.HashMap)[pri:0, instance:SeleniumDemoT.Tests.SubmitOrderTestNG@c05fddc]" started-at="2024-09-25T13:30:41 IST" name="submitOrder" data-provider="getData" finished-at="2024-09-25T13:30:47 IST" duration-ms="5343" status="PASS">
          <params>
            <param index="0">
              <value>
                <![CDATA[{password=Pranjali@123, product=ZARA COAT 3, email=pranjali1@gmail.com}]]>
              </value>
            </param>
          </params>
          <reporter-output>
          </reporter-output>
        </test-method> <!-- submitOrder -->
        <test-method is-config="true" signature="tearDown()[pri:0, instance:SeleniumDemoT.Tests.SubmitOrderTestNG@c05fddc]" started-at="2024-09-25T13:30:47 IST" name="tearDown" finished-at="2024-09-25T13:30:47 IST" duration-ms="330" status="PASS">
          <reporter-output>
          </reporter-output>
        </test-method> <!-- tearDown -->
        <test-method is-config="true" signature="launchApplication()[pri:0, instance:SeleniumDemoT.Tests.SubmitOrderTestNG@c05fddc]" started-at="2024-09-25T13:30:47 IST" name="launchApplication" finished-at="2024-09-25T13:30:53 IST" duration-ms="6345" status="PASS">
          <reporter-output>
          </reporter-output>
        </test-method> <!-- launchApplication -->
        <test-method signature="submitOrder(java.util.HashMap)[pri:0, instance:SeleniumDemoT.Tests.SubmitOrderTestNG@c05fddc]" started-at="2024-09-25T13:30:53 IST" name="submitOrder" data-provider="getData" finished-at="2024-09-25T13:31:01 IST" duration-ms="7199" status="PASS">
          <params>
            <param index="0">
              <value>
                <![CDATA[{password=Pranjali@123, product=ADIDAS ORIGINAL, email=DemoTest1@gmail.com}]]>
              </value>
            </param>
          </params>
          <reporter-output>
          </reporter-output>
        </test-method> <!-- submitOrder -->
        <test-method is-config="true" signature="tearDown()[pri:0, instance:SeleniumDemoT.Tests.SubmitOrderTestNG@c05fddc]" started-at="2024-09-25T13:31:01 IST" name="tearDown" finished-at="2024-09-25T13:31:01 IST" duration-ms="205" status="PASS">
          <reporter-output>
          </reporter-output>
        </test-method> <!-- tearDown -->
        <test-method is-config="true" signature="launchApplication()[pri:0, instance:SeleniumDemoT.Tests.SubmitOrderTestNG@c05fddc]" started-at="2024-09-25T13:31:01 IST" name="launchApplication" finished-at="2024-09-25T13:31:07 IST" duration-ms="6512" status="PASS">
          <reporter-output>
          </reporter-output>
        </test-method> <!-- launchApplication -->
        <test-method signature="OrderHistoryTest()[pri:0, instance:SeleniumDemoT.Tests.SubmitOrderTestNG@c05fddc]" started-at="2024-09-25T13:31:07 IST" name="OrderHistoryTest" finished-at="2024-09-25T13:31:11 IST" depends-on-methods="SeleniumDemoT.Tests.SubmitOrderTestNG.submitOrder" duration-ms="3645" status="PASS">
          <reporter-output>
          </reporter-output>
        </test-method> <!-- OrderHistoryTest -->
        <test-method is-config="true" signature="tearDown()[pri:0, instance:SeleniumDemoT.Tests.SubmitOrderTestNG@c05fddc]" started-at="2024-09-25T13:31:11 IST" name="tearDown" finished-at="2024-09-25T13:31:12 IST" duration-ms="652" status="PASS">
          <reporter-output>
          </reporter-output>
        </test-method> <!-- tearDown -->
      </class> <!-- SeleniumDemoT.Tests.SubmitOrderTestNG -->
    </test> <!-- Submit Order Test -->
  </suite> <!-- Suite -->
</testng-results>
